# Logfile created on 2020-12-28 15:28:59 +0800 by logger.rb/66358
I, [2020-12-28T15:30:06.281346 #35619]  INFO -- : Posting to https://api.stackexchange.com/2.2/posts/65207917?site=stackoverflow&filter=!*1_).BnZb8pdvWlZpJYNyauMekouxK9-RzUNUrwiB&key=8qwQOrMcRd*4tfCBkiGJEA((
I, [2020-12-28T15:30:23.035391 #35619]  INFO -- : Posting to https://api.stackexchange.com/2.2/posts/65207917?site=stackoverflow&filter=!*1_).BnZb8pdvWlZpJYNyauMekouxK9-RzUNUrwiB&key=8qwQOrMcRd*4tfCBkiGJEA((
I, [2020-12-28T16:06:40.769136 #39874]  INFO -- : Posting to https://api.stackexchange.com/2.2/search?site=stackoverflow&filter=!*1_).BnZb8pdvWlZpJYNyauMekouxK9-RzUNUrwiB&key=8qwQOrMcRd*4tfCBkiGJEA((
I, [2020-12-28T16:06:58.835824 #39874]  INFO -- : Posting to https://api.stackexchange.com/2.2/search?site=stackoverflow&filter=!*1_).BnZb8pdvWlZpJYNyauMekouxK9-RzUNUrwiB&key=8qwQOrMcRd*4tfCBkiGJEA((
I, [2020-12-28T16:07:02.514489 #39874]  INFO -- : Posting to https://api.stackexchange.com/2.2/search?site=stackoverflow&filter=!*1_).BnZb8pdvWlZpJYNyauMekouxK9-RzUNUrwiB&key=8qwQOrMcRd*4tfCBkiGJEA((
I, [2020-12-28T16:07:41.860731 #39874]  INFO -- : Posting to https://api.stackexchange.com/2.2/search?site=stackoverflow&filter=!*1_).BnZb8pdvWlZpJYNyauMekouxK9-RzUNUrwiB&key=8qwQOrMcRd*4tfCBkiGJEA((
I, [2020-12-28T16:10:32.671268 #40118]  INFO -- : Posting to https://api.stackexchange.com/2.2/search?site=stackoverflow&filter=!*1_).BnZb8pdvWlZpJYNyauMekouxK9-RzUNUrwiB&tagged=rails&key=8qwQOrMcRd*4tfCBkiGJEA((
I, [2020-12-28T16:11:13.555416 #40118]  INFO -- : Posting to https://api.stackexchange.com/2.2/search?site=stackoverflow&filter=!*1_).BnZb8pdvWlZpJYNyauMekouxK9-RzUNUrwiB&tagged=rails&key=8qwQOrMcRd*4tfCBkiGJEA((
I, [2020-12-28T16:39:55.625976 #40118]  INFO -- : Posting to https://api.stackexchange.com/2.2/search?site=stackoverflow&filter=!*1_).BnZb8pdvWlZpJYNyauMekouxK9-RzUNUrwiB&tagged=rails&key=8qwQOrMcRd*4tfCBkiGJEA((
I, [2020-12-28T16:41:07.513787 #40118]  INFO -- : Posting to https://api.stackexchange.com/2.2/search?site=stackoverflow&filter=!*1_).BnZb8pdvWlZpJYNyauMekouxK9-RzUNUrwiB&tagged=rails&key=8qwQOrMcRd*4tfCBkiGJEA((
I, [2020-12-28T16:51:01.075855 #43608]  INFO -- : Posting to https://api.stackexchange.com/2.2/search?site=stackoverflow&filter=!*1_).BnZb8pdvWlZpJYNyauMekouxK9-RzUNUrwiB&key=8qwQOrMcRd*4tfCBkiGJEA((
I, [2020-12-28T16:51:36.056453 #43608]  INFO -- : Posting to https://api.stackexchange.com/2.2/search?site=stackoverflow&filter=!*1_).BnZb8pdvWlZpJYNyauMekouxK9-RzUNUrwiB&key=8qwQOrMcRd*4tfCBkiGJEA((
I, [2020-12-28T16:51:48.589223 #43608]  INFO -- : Posting to https://api.stackexchange.com/2.2/search?site=stackoverflow&filter=!*1_).BnZb8pdvWlZpJYNyauMekouxK9-RzUNUrwiB&key=8qwQOrMcRd*4tfCBkiGJEA((
I, [2020-12-28T16:51:52.222379 #43608]  INFO -- : Posting to https://api.stackexchange.com/2.2/search?site=stackoverflow&filter=!*1_).BnZb8pdvWlZpJYNyauMekouxK9-RzUNUrwiB&key=8qwQOrMcRd*4tfCBkiGJEA((
I, [2020-12-28T16:53:26.110128 #43608]  INFO -- : Posting to https://api.stackexchange.com/2.2/search?site=stackoverflow&filter=!*1_).BnZb8pdvWlZpJYNyauMekouxK9-RzUNUrwiB&key=8qwQOrMcRd*4tfCBkiGJEA((
I, [2020-12-28T16:54:22.282912 #43608]  INFO -- : Posting to https://api.stackexchange.com/2.2/search?site=stackoverflow&filter=!*1_).BnZb8pdvWlZpJYNyauMekouxK9-RzUNUrwiB&key=8qwQOrMcRd*4tfCBkiGJEA((
I, [2020-12-28T16:54:38.253954 #43963]  INFO -- : Posting to https://api.stackexchange.com/2.2/search?site=stackoverflow&filter=!*1_).BnZb8pdvWlZpJYNyauMekouxK9-RzUNUrwiB&key=8qwQOrMcRd*4tfCBkiGJEA((
I, [2020-12-28T17:02:30.479089 #43963]  INFO -- : Posting to https://api.stackexchange.com/2.2/search?site=stackoverflow&filter=!*1_).BnZb8pdvWlZpJYNyauMekouxK9-RzUNUrwiB&key=8qwQOrMcRd*4tfCBkiGJEA((
I, [2020-12-28T17:03:13.159815 #43963]  INFO -- : Posting to https://api.stackexchange.com/2.2/search?site=stackoverflow&filter=!*1_).BnZb8pdvWlZpJYNyauMekouxK9-RzUNUrwiB&key=8qwQOrMcRd*4tfCBkiGJEA((
I, [2020-12-28T17:03:19.089280 #43963]  INFO -- : Posting to https://api.stackexchange.com/2.2/search?site=stackoverflow&filter=!*1_).BnZb8pdvWlZpJYNyauMekouxK9-RzUNUrwiB&key=8qwQOrMcRd*4tfCBkiGJEA((
I, [2020-12-28T17:03:30.958887 #43963]  INFO -- : Posting to https://api.stackexchange.com/2.2/search?site=stackoverflow&filter=!*1_).BnZb8pdvWlZpJYNyauMekouxK9-RzUNUrwiB&key=8qwQOrMcRd*4tfCBkiGJEA((
I, [2020-12-28T17:03:53.306959 #43963]  INFO -- : Posting to https://api.stackexchange.com/2.2/search?site=stackoverflow&filter=!*1_).BnZb8pdvWlZpJYNyauMekouxK9-RzUNUrwiB&key=8qwQOrMcRd*4tfCBkiGJEA((
I, [2020-12-28T17:04:02.413580 #43963]  INFO -- : Posting to https://api.stackexchange.com/2.2/search?site=stackoverflow&filter=!*1_).BnZb8pdvWlZpJYNyauMekouxK9-RzUNUrwiB&key=8qwQOrMcRd*4tfCBkiGJEA((
I, [2020-12-28T17:17:45.979044 #46298]  INFO -- : Posting to https://api.stackexchange.com/2.2/search?site=stackoverflow&filter=!*1_).BnZb8pdvWlZpJYNyauMekouxK9-RzUNUrwiB&tagged=rails&order=desc&sort=activity&key=8qwQOrMcRd*4tfCBkiGJEA((
I, [2020-12-28T17:19:36.615567 #46991]  INFO -- : Posting to https://api.stackexchange.com/2.2/search?site=stackoverflow&filter=!*1_).BnZb8pdvWlZpJYNyauMekouxK9-RzUNUrwiB&tagged=ruby&key=8qwQOrMcRd*4tfCBkiGJEA((
I, [2020-12-28T17:20:28.153788 #46991]  INFO -- : Posting to https://api.stackexchange.com/2.2/search?site=stackoverflow&filter=!*1_).BnZb8pdvWlZpJYNyauMekouxK9-RzUNUrwiB&tagged=ruby&key=8qwQOrMcRd*4tfCBkiGJEA((
I, [2020-12-28T17:21:49.862513 #47193]  INFO -- : Posting to https://api.stackexchange.com/2.2/search?site=stackoverflow&filter=!*1_).BnZb8pdvWlZpJYNyauMekouxK9-RzUNUrwiB&tagged=ruby&key=8qwQOrMcRd*4tfCBkiGJEA((
I, [2020-12-28T17:22:21.988874 #47193]  INFO -- : Posting to https://api.stackexchange.com/2.2/search?site=stackoverflow&filter=&tagged=ruby&key=8qwQOrMcRd*4tfCBkiGJEA((
I, [2020-12-28T17:22:24.729937 #47193]  INFO -- : Posting to https://api.stackexchange.com/2.2/search?site=stackoverflow&filter=&tagged=ruby&key=8qwQOrMcRd*4tfCBkiGJEA((
I, [2020-12-28T17:22:28.938769 #47193]  INFO -- : Posting to https://api.stackexchange.com/2.2/search?site=stackoverflow&filter=!*1_).BnZb8pdvWlZpJYNyauMekouxK9-RzUNUrwiB&tagged=ruby&key=8qwQOrMcRd*4tfCBkiGJEA((
I, [2020-12-28T17:22:56.123657 #47193]  INFO -- : Posting to https://api.stackexchange.com/2.2/search?site=stackoverflow&filter=&tagged=ruby&key=8qwQOrMcRd*4tfCBkiGJEA((
I, [2020-12-28T17:23:00.573198 #47193]  INFO -- : Posting to https://api.stackexchange.com/2.2/search?site=stackoverflow&filter=!*1_).BnZb8pdvWlZpJYNyauMekouxK9-RzUNUrwiB&tagged=ruby&key=8qwQOrMcRd*4tfCBkiGJEA((
I, [2020-12-28T17:23:20.413264 #47193]  INFO -- : Posting to https://api.stackexchange.com/2.2/search?site=stackoverflow&filter=!*1_).BnZb8pdvWlZpJYNyauMekouxK9-RzUNUrwiB&tagged=ruby&key=8qwQOrMcRd*4tfCBkiGJEA((
I, [2020-12-28T17:31:12.356663 #48177]  INFO -- : Posting to https://api.stackexchange.com/2.2/search?site=stackoverflow&filter=&tagged=ruby&key=8qwQOrMcRd*4tfCBkiGJEA((
I, [2020-12-28T17:31:18.317099 #48177]  INFO -- : Posting to https://api.stackexchange.com/2.2/search?site=stackoverflow&filter=&tagged=ruby&key=8qwQOrMcRd*4tfCBkiGJEA((
I, [2020-12-28T17:31:21.419994 #48177]  INFO -- : Posting to https://api.stackexchange.com/2.2/search?site=stackoverflow&filter=&tagged=ruby&key=8qwQOrMcRd*4tfCBkiGJEA((
I, [2020-12-28T17:42:14.214808 #52702]  INFO -- : Posting to https://api.stackexchange.com/2.2/search?site=stackoverflow&tagged=ruby&key=8qwQOrMcRd*4tfCBkiGJEA((
I, [2020-12-28T17:42:21.337290 #52702]  INFO -- : Posting to https://api.stackexchange.com/2.2/search?site=stackoverflow&tagged=ruby&key=8qwQOrMcRd*4tfCBkiGJEA((
I, [2020-12-28T17:43:26.217664 #52702]  INFO -- : Posting to https://api.stackexchange.com/2.2/search?site=stackoverflow&filter=!*1_).BnZb8pdvWlZpJYNyauMekouxK9-RzUNUrwiB&key=8qwQOrMcRd*4tfCBkiGJEA((
I, [2020-12-28T17:43:42.753370 #52702]  INFO -- : Posting to https://api.stackexchange.com/2.2/search?site=stackoverflow&filter=!*1_).BnZb8pdvWlZpJYNyauMekouxK9-RzUNUrwiB&key=8qwQOrMcRd*4tfCBkiGJEA((
I, [2020-12-28T17:44:07.428144 #52702]  INFO -- : Posting to https://api.stackexchange.com/2.2/search?site=stackoverflow&filter=!*1_).BnZb8pdvWlZpJYNyauMekouxK9-RzUNUrwiB&key=8qwQOrMcRd*4tfCBkiGJEA((
I, [2020-12-28T17:44:11.841685 #52702]  INFO -- : Posting to https://api.stackexchange.com/2.2/search?site=stackoverflow&filter=!*1_).BnZb8pdvWlZpJYNyauMekouxK9-RzUNUrwiB&key=8qwQOrMcRd*4tfCBkiGJEA((
I, [2020-12-28T17:44:21.887966 #52702]  INFO -- : Posting to https://api.stackexchange.com/2.2/search?site=stackoverflow&filter=!*1_).BnZb8pdvWlZpJYNyauMekouxK9-RzUNUrwiB&key=8qwQOrMcRd*4tfCBkiGJEA((
I, [2020-12-28T17:44:32.724643 #52702]  INFO -- : Posting to https://api.stackexchange.com/2.2/search?site=stackoverflow&filter=!*1_).BnZb8pdvWlZpJYNyauMekouxK9-RzUNUrwiB&key=8qwQOrMcRd*4tfCBkiGJEA((
I, [2020-12-28T17:44:53.060419 #53985]  INFO -- : Posting to https://api.stackexchange.com/2.2/search?site=stackoverflow&filter=!*1_).BnZb8pdvWlZpJYNyauMekouxK9-RzUNUrwiB&key=8qwQOrMcRd*4tfCBkiGJEA((
I, [2020-12-28T17:45:15.652496 #53985]  INFO -- : Posting to https://api.stackexchange.com/2.2/search?site=stackoverflow&filter=&tagged=ruby&order=desc&sort=activity&key=8qwQOrMcRd*4tfCBkiGJEA((
I, [2020-12-28T17:45:29.269032 #53985]  INFO -- : Posting to https://api.stackexchange.com/2.2/search?site=stackoverflow&filter=&tagged=ruby&order=desc&key=8qwQOrMcRd*4tfCBkiGJEA((
I, [2020-12-28T17:45:41.366371 #53985]  INFO -- : Posting to https://api.stackexchange.com/2.2/search?site=stackoverflow&filter=&tagged=ruby&key=8qwQOrMcRd*4tfCBkiGJEA((
I, [2020-12-28T17:45:49.082844 #53985]  INFO -- : Posting to https://api.stackexchange.com/2.2/search?site=stackoverflow&filter=!*1_).BnZb8pdvWlZpJYNyauMekouxK9-RzUNUrwiB&tagged=ruby&key=8qwQOrMcRd*4tfCBkiGJEA((
I, [2020-12-28T17:46:48.840008 #54858]  INFO -- : Posting to https://api.stackexchange.com/2.2/search?site=stackoverflow&filter=&tagged=ruby&order=desc&sort=activity&key=8qwQOrMcRd*4tfCBkiGJEA((
I, [2020-12-28T17:51:19.601345 #56563]  INFO -- : Posting to https://api.stackexchange.com/2.2/search?site=stackoverflow&tagged=ruby&order=desc&sort=activity&key=8qwQOrMcRd*4tfCBkiGJEA((
